Number of cores present:  10
Node2Vec object created
Training started...
Start generating random walks
Done with Iteration #1 at 2023-11-30 18:05:06.583051
Done with Iteration #11 at 2023-11-30 18:06:13.761579
Done with Iteration #20 at 2023-11-30 18:07:19.972151
Done with Iteration #30 at 2023-11-30 18:08:22.397250
Done with Iteration #40 at 2023-11-30 18:09:24.285515
Done with Iteration #50 at 2023-11-30 18:10:22.705356
Done with Iteration #60 at 2023-11-30 18:11:22.383867
Done with Iteration #70 at 2023-11-30 18:12:19.794017
Done with Iteration #2 at 2023-11-30 18:05:08.111098
Done with Iteration #13 at 2023-11-30 18:06:17.008388
Done with Iteration #23 at 2023-11-30 18:07:22.496822
Done with Iteration #32 at 2023-11-30 18:08:25.706855
Done with Iteration #42 at 2023-11-30 18:09:27.194166
Done with Iteration #52 at 2023-11-30 18:10:26.478749
Done with Iteration #62 at 2023-11-30 18:11:26.306644
Done with Iteration #71 at 2023-11-30 18:12:24.227951
Done with Iteration #5 at 2023-11-30 18:05:13.826516
Done with Iteration #15 at 2023-11-30 18:06:22.432302
Done with Iteration #25 at 2023-11-30 18:07:28.450059
Done with Iteration #35 at 2023-11-30 18:08:32.828762
Done with Iteration #46 at 2023-11-30 18:09:33.853579
Done with Iteration #55 at 2023-11-30 18:10:31.849946
Done with Iteration #65 at 2023-11-30 18:11:31.551673
Done with Iteration #75 at 2023-11-30 18:12:28.383578
Done with Iteration #8 at 2023-11-30 18:05:15.789224
Done with Iteration #17 at 2023-11-30 18:06:24.171878
Done with Iteration #27 at 2023-11-30 18:07:28.785412
Done with Iteration #36 at 2023-11-30 18:08:31.398142
Done with Iteration #45 at 2023-11-30 18:09:34.559236
Done with Iteration #56 at 2023-11-30 18:10:34.040116
Done with Iteration #66 at 2023-11-30 18:11:32.911014
Done with Iteration #76 at 2023-11-30 18:12:29.315130
Done with Iteration #3 at 2023-11-30 18:05:08.578566
Done with Iteration #14 at 2023-11-30 18:06:16.004606
Done with Iteration #22 at 2023-11-30 18:07:23.466344
Done with Iteration #33 at 2023-11-30 18:08:26.728739
Done with Iteration #43 at 2023-11-30 18:09:28.895676
Done with Iteration #53 at 2023-11-30 18:10:27.380087
Done with Iteration #63 at 2023-11-30 18:11:27.288117
Done with Iteration #74 at 2023-11-30 18:12:25.330702
Done with Iteration #9 at 2023-11-30 18:05:16.346517
Done with Iteration #18 at 2023-11-30 18:06:28.813049
Done with Iteration #28 at 2023-11-30 18:07:34.915318
Done with Iteration #38 at 2023-11-30 18:08:41.426658
Done with Iteration #48 at 2023-11-30 18:09:43.606417
Done with Iteration #58 at 2023-11-30 18:10:43.725266
Done with Iteration #68 at 2023-11-30 18:11:42.518145
Done with Iteration #78 at 2023-11-30 18:12:37.130826
Done with Iteration #4 at 2023-11-30 18:05:07.439192
Done with Iteration #12 at 2023-11-30 18:06:18.225045
Done with Iteration #24 at 2023-11-30 18:07:24.126062
Done with Iteration #34 at 2023-11-30 18:08:28.100352
Done with Iteration #44 at 2023-11-30 18:09:29.567140
Done with Iteration #54 at 2023-11-30 18:10:27.914830
Done with Iteration #64 at 2023-11-30 18:11:27.186211
Done with Iteration #73 at 2023-11-30 18:12:24.419898
Done with Iteration #6 at 2023-11-30 18:05:14.132823
Done with Iteration #16 at 2023-11-30 18:06:24.054874
Done with Iteration #26 at 2023-11-30 18:07:31.843136
Done with Iteration #37 at 2023-11-30 18:08:34.951389
Done with Iteration #47 at 2023-11-30 18:09:36.657357
Done with Iteration #57 at 2023-11-30 18:10:35.787987
Done with Iteration #67 at 2023-11-30 18:11:36.550888
Done with Iteration #77 at 2023-11-30 18:12:32.668020
Done with Iteration #7 at 2023-11-30 18:05:17.045580
Done with Iteration #19 at 2023-11-30 18:06:28.902752
Done with Iteration #29 at 2023-11-30 18:07:37.233108
Done with Iteration #39 at 2023-11-30 18:08:41.765592
Done with Iteration #49 at 2023-11-30 18:09:44.951779
Done with Iteration #59 at 2023-11-30 18:10:44.890715
Done with Iteration #69 at 2023-11-30 18:11:45.054481
Done with Iteration #79 at 2023-11-30 18:12:39.246106
Done with Iteration #0 at 2023-11-30 18:05:06.157573
Done with Iteration #10 at 2023-11-30 18:06:14.969453
Done with Iteration #21 at 2023-11-30 18:07:20.585810
Done with Iteration #31 at 2023-11-30 18:08:23.640377
Done with Iteration #41 at 2023-11-30 18:09:26.338262
Done with Iteration #51 at 2023-11-30 18:10:24.882076
Done with Iteration #61 at 2023-11-30 18:11:26.498243
Done with Iteration #72 at 2023-11-30 18:12:24.791004
Done generating random walks in 511.51 seconds
Creating word2vec model
Done training the model on the 0th iteration
Done training the model on the 10th iteration
Done training the model on the 20th iteration
Done training the model on the 30th iteration
Done training the model on the 40th iteration
Done training the model on the 50th iteration
Done training the model on the 60th iteration
Done training the model on the 70th iteration
Done creating word2vec model
Training completed
Saving embeddings...
Embeddings saved
All done in  986.0477769374847  seconds
